--------------------------------------------------------------------------
By default, for Open MPI 4.0 and later, infiniband ports on a device
are not used by default.  The intent is to use UCX for these devices.
You can override this policy by setting the btl_openib_allow_ib MCA parameter
to true.

  Local host:              c26-06
  Local adapter:           mlx4_0
  Local port:              1

--------------------------------------------------------------------------
--------------------------------------------------------------------------
WARNING: There was an error initializing an OpenFabrics device.

  Local host:   c26-06
  Local device: mlx4_0
--------------------------------------------------------------------------
[c26-06:92189] 3 more processes have sent help message help-mpi-btl-openib.txt / ib port not selected
[c26-06:92189] Set MCA parameter "orte_base_help_aggregate" to 0 to see all help / error messages
[c26-06:92189] 3 more processes have sent help message help-mpi-btl-openib.txt / error in device init
--------------------------------------------------------------------------
By default, for Open MPI 4.0 and later, infiniband ports on a device
are not used by default.  The intent is to use UCX for these devices.
You can override this policy by setting the btl_openib_allow_ib MCA parameter
to true.

  Local host:              c26-08
  Local adapter:           mlx4_0
  Local port:              1

--------------------------------------------------------------------------
--------------------------------------------------------------------------
WARNING: There was an error initializing an OpenFabrics device.

  Local host:   c26-08
  Local device: mlx4_0
--------------------------------------------------------------------------
[c26-06:92221] 15 more processes have sent help message help-mpi-btl-openib.txt / ib port not selected
[c26-06:92221] Set MCA parameter "orte_base_help_aggregate" to 0 to see all help / error messages
[c26-06:92221] 15 more processes have sent help message help-mpi-btl-openib.txt / error in device init
--------------------------------------------------------------------------
By default, for Open MPI 4.0 and later, infiniband ports on a device
are not used by default.  The intent is to use UCX for these devices.
You can override this policy by setting the btl_openib_allow_ib MCA parameter
to true.

  Local host:              c26-06
  Local adapter:           mlx4_0
  Local port:              1

--------------------------------------------------------------------------
--------------------------------------------------------------------------
WARNING: There was an error initializing an OpenFabrics device.

  Local host:   c26-06
  Local device: mlx4_0
--------------------------------------------------------------------------
[c26-06:92273] 63 more processes have sent help message help-mpi-btl-openib.txt / ib port not selected
[c26-06:92273] Set MCA parameter "orte_base_help_aggregate" to 0 to see all help / error messages
[c26-06:92273] 63 more processes have sent help message help-mpi-btl-openib.txt / error in device init
--------------------------------------------------------------------------
There are not enough slots available in the system to satisfy the 256
slots that were requested by the application:

  jacobi_mpi

Either request fewer slots for your application, or make more slots
available for use.

A "slot" is the Open MPI term for an allocatable unit where we can
launch a process.  The number of slots available are defined by the
environment in which Open MPI processes are run:

  1. Hostfile, via "slots=N" clauses (N defaults to number of
     processor cores if not provided)
  2. The --host command line parameter, via a ":N" suffix on the
     hostname (N defaults to 1 if not provided)
  3. Resource manager (e.g., SLURM, PBS/Torque, LSF, etc.)
  4. If none of a hostfile, the --host command line parameter, or an
     RM is present, Open MPI defaults to the number of processor cores

In all the above cases, if you want Open MPI to default to the number
of hardware threads instead of the number of processor cores, use the
--use-hwthread-cpus option.

Alternatively, you can use the --oversubscribe option to ignore the
number of available slots when deciding the number of processes to
launch.
--------------------------------------------------------------------------
--------------------------------------------------------------------------
By default, for Open MPI 4.0 and later, infiniband ports on a device
are not used by default.  The intent is to use UCX for these devices.
You can override this policy by setting the btl_openib_allow_ib MCA parameter
to true.

  Local host:              c26-06
  Local adapter:           mlx4_0
  Local port:              1

--------------------------------------------------------------------------
--------------------------------------------------------------------------
WARNING: There was an error initializing an OpenFabrics device.

  Local host:   c26-06
  Local device: mlx4_0
--------------------------------------------------------------------------
--------------------------------------------------------------------------
By default, for Open MPI 4.0 and later, infiniband ports on a device
are not used by default.  The intent is to use UCX for these devices.
You can override this policy by setting the btl_openib_allow_ib MCA parameter
to true.

  Local host:              c26-06
  Local adapter:           mlx4_0
  Local port:              1

--------------------------------------------------------------------------
--------------------------------------------------------------------------
WARNING: There was an error initializing an OpenFabrics device.

  Local host:   c26-06
  Local device: mlx4_0
--------------------------------------------------------------------------
[c26-06:92373] 3 more processes have sent help message help-mpi-btl-openib.txt / ib port not selected
[c26-06:92373] Set MCA parameter "orte_base_help_aggregate" to 0 to see all help / error messages
[c26-06:92373] 3 more processes have sent help message help-mpi-btl-openib.txt / error in device init
--------------------------------------------------------------------------
By default, for Open MPI 4.0 and later, infiniband ports on a device
are not used by default.  The intent is to use UCX for these devices.
You can override this policy by setting the btl_openib_allow_ib MCA parameter
to true.

  Local host:              c26-08
  Local adapter:           mlx4_0
  Local port:              1

--------------------------------------------------------------------------
--------------------------------------------------------------------------
WARNING: There was an error initializing an OpenFabrics device.

  Local host:   c26-08
  Local device: mlx4_0
--------------------------------------------------------------------------
[c26-06:92407] 15 more processes have sent help message help-mpi-btl-openib.txt / ib port not selected
[c26-06:92407] Set MCA parameter "orte_base_help_aggregate" to 0 to see all help / error messages
[c26-06:92407] 15 more processes have sent help message help-mpi-btl-openib.txt / error in device init
--------------------------------------------------------------------------
By default, for Open MPI 4.0 and later, infiniband ports on a device
are not used by default.  The intent is to use UCX for these devices.
You can override this policy by setting the btl_openib_allow_ib MCA parameter
to true.

  Local host:              c26-12
  Local adapter:           mlx4_0
  Local port:              1

--------------------------------------------------------------------------
--------------------------------------------------------------------------
WARNING: There was an error initializing an OpenFabrics device.

  Local host:   c26-12
  Local device: mlx4_0
--------------------------------------------------------------------------
[c26-06:92465] 63 more processes have sent help message help-mpi-btl-openib.txt / ib port not selected
[c26-06:92465] Set MCA parameter "orte_base_help_aggregate" to 0 to see all help / error messages
[c26-06:92465] 63 more processes have sent help message help-mpi-btl-openib.txt / error in device init
--------------------------------------------------------------------------
There are not enough slots available in the system to satisfy the 256
slots that were requested by the application:

  jacobi_mpi

Either request fewer slots for your application, or make more slots
available for use.

A "slot" is the Open MPI term for an allocatable unit where we can
launch a process.  The number of slots available are defined by the
environment in which Open MPI processes are run:

  1. Hostfile, via "slots=N" clauses (N defaults to number of
     processor cores if not provided)
  2. The --host command line parameter, via a ":N" suffix on the
     hostname (N defaults to 1 if not provided)
  3. Resource manager (e.g., SLURM, PBS/Torque, LSF, etc.)
  4. If none of a hostfile, the --host command line parameter, or an
     RM is present, Open MPI defaults to the number of processor cores

In all the above cases, if you want Open MPI to default to the number
of hardware threads instead of the number of processor cores, use the
--use-hwthread-cpus option.

Alternatively, you can use the --oversubscribe option to ignore the
number of available slots when deciding the number of processes to
launch.
--------------------------------------------------------------------------
